mode: set
github.com/aserto-dev/mage-loot/files.go:10.44,11.44 1 1
github.com/aserto-dev/mage-loot/files.go:11.44,12.19 1 1
github.com/aserto-dev/mage-loot/files.go:15.3,15.19 1 1
github.com/aserto-dev/mage-loot/files.go:12.19,14.4 1 0
github.com/aserto-dev/mage-loot/files.go:16.8,16.31 1 1
github.com/aserto-dev/mage-loot/files.go:16.31,18.3 1 1
github.com/aserto-dev/mage-loot/files.go:18.8,20.3 1 0
github.com/aserto-dev/mage-loot/files.go:24.43,25.44 1 1
github.com/aserto-dev/mage-loot/files.go:25.44,26.20 1 1
github.com/aserto-dev/mage-loot/files.go:29.3,29.19 1 1
github.com/aserto-dev/mage-loot/files.go:26.20,28.4 1 0
github.com/aserto-dev/mage-loot/files.go:30.8,30.31 1 1
github.com/aserto-dev/mage-loot/files.go:30.31,32.3 1 1
github.com/aserto-dev/mage-loot/files.go:32.8,34.3 1 0
github.com/aserto-dev/mage-loot/openapi.go:20.123,23.16 2 1
github.com/aserto-dev/mage-loot/openapi.go:28.2,29.16 2 1
github.com/aserto-dev/mage-loot/openapi.go:32.2,33.16 2 1
github.com/aserto-dev/mage-loot/openapi.go:36.2,36.13 1 1
github.com/aserto-dev/mage-loot/openapi.go:39.2,40.16 2 1
github.com/aserto-dev/mage-loot/openapi.go:43.2,43.45 1 1
github.com/aserto-dev/mage-loot/openapi.go:46.2,50.16 3 1
github.com/aserto-dev/mage-loot/openapi.go:53.2,54.16 2 1
github.com/aserto-dev/mage-loot/openapi.go:57.2,57.13 1 1
github.com/aserto-dev/mage-loot/openapi.go:60.2,61.16 2 1
github.com/aserto-dev/mage-loot/openapi.go:64.2,64.43 1 1
github.com/aserto-dev/mage-loot/openapi.go:67.2,70.16 3 1
github.com/aserto-dev/mage-loot/openapi.go:74.2,83.16 4 1
github.com/aserto-dev/mage-loot/openapi.go:86.2,86.12 1 1
github.com/aserto-dev/mage-loot/openapi.go:23.16,25.3 1 0
github.com/aserto-dev/mage-loot/openapi.go:29.16,31.3 1 0
github.com/aserto-dev/mage-loot/openapi.go:33.16,35.3 1 0
github.com/aserto-dev/mage-loot/openapi.go:36.13,38.3 1 1
github.com/aserto-dev/mage-loot/openapi.go:40.16,42.3 1 0
github.com/aserto-dev/mage-loot/openapi.go:43.45,45.3 1 1
github.com/aserto-dev/mage-loot/openapi.go:50.16,52.3 1 0
github.com/aserto-dev/mage-loot/openapi.go:54.16,56.3 1 0
github.com/aserto-dev/mage-loot/openapi.go:57.13,59.3 1 1
github.com/aserto-dev/mage-loot/openapi.go:61.16,63.3 1 0
github.com/aserto-dev/mage-loot/openapi.go:64.43,66.3 1 1
github.com/aserto-dev/mage-loot/openapi.go:70.16,72.3 1 0
github.com/aserto-dev/mage-loot/openapi.go:83.16,85.3 1 1
github.com/aserto-dev/mage-loot/testing/assets.go:9.25,13.2 2 1
github.com/aserto-dev/mage-loot/testing/assets.go:16.39,18.2 1 1
github.com/aserto-dev/mage-loot/testing/assets.go:21.35,23.2 1 1
github.com/aserto-dev/mage-loot/testing/assets.go:26.37,28.2 1 1
